<?xml version="1.0" encoding="UTF-8"?>
<!-- Generated by org.testng.reporters.JUnitXMLReporter -->
<testsuite hostname="LAPTOP-VAU5NA13" ignored="0" name="RCB_PlayerListTest" tests="2" failures="0" timestamp="03 Aug 2022 07:55:20 GMT" time="0.054" errors="0">
  <testcase name="validateForeignPlayersCount_RCB" time="0.022" classname="test.RCB_TeamVerification"/>
  <testcase name="validateWicketkeeperCount_RCB" time="0.004" classname="test.RCB_TeamVerification"/>
</testsuite> <!-- RCB_PlayerListTest -->
